<?xml version="1.0" encoding="UTF-8"?>
<testsuites name="jest tests" tests="1" failures="0" errors="0" time="0.222">
  <testsuite name="src\App.test.js" errors="0" failures="0" skipped="0" timestamp="2025-04-17T14:30:57" time="0.205" tests="1">
    <testcase classname="-renders learn Jenkins link" name="-renders learn Jenkins link" time="0.004">
    </testcase>
  </testsuite>
</testsuites>