<?xml version="1.0" encoding="UTF-8"?>
<testsuites name="jest tests" tests="1" failures="0" errors="0" time="1.801">
  <testsuite name="src\App.test.js" errors="0" failures="0" skipped="1" timestamp="2025-04-17T11:17:31" time="0.819" tests="1">
    <testcase classname="-renders learn Jenkins link" name="-renders learn Jenkins link" time="0">
      <skipped/>
    </testcase>
  </testsuite>
</testsuites>